<?xml version="1.0" encoding="UTF-8"?>
<!-- Generated by org.testng.reporters.JUnitReportReporter -->
<testsuite hostname="DESKTOP-TH63HAS" failures="0" tests="4" name="TestCases.Login_Test" time="56.364" errors="0" timestamp="2022-03-13T09:45:45 IST" skipped="0">
  <testcase classname="TestCases.Login_Test" name="ParameterizedTest" time="12.300"/>
  <system-out/>
  <testcase classname="TestCases.Login_Test" name="LoginSuccessTest" time="18.567"/>
  <system-out/>
  <testcase classname="TestCases.Login_Test" name="ExternalDataTest" time="13.290"/>
  <system-out/>
  <testcase classname="TestCases.Login_Test" name="LoginFailiureTest" time="12.207"/>
  <system-out/>
</testsuite> <!-- TestCases.Login_Test -->
