<?xml version="1.0" encoding="UTF-8"?>
<!-- Generated by org.testng.reporters.JUnitReportReporter -->
<testsuite hostname="DESKTOP-TH63HAS" failures="0" tests="1" name="TestCases.LoginTest" time="14.353" errors="0" timestamp="2022-03-06T10:54:19 IST" skipped="0">
  <testcase classname="TestCases.LoginTest" name="LoginFailiureTest" time="14.353"/>
  <system-out/>
</testsuite> <!-- TestCases.LoginTest -->
