<?xml version="1.0" encoding="UTF-8"?>
<!-- Generated by org.testng.reporters.JUnitReportReporter -->
<testsuite hostname="DESKTOP-TH63HAS" failures="0" tests="4" name="TestCases.Login_Test" time="51.270" errors="0" timestamp="2022-03-19T09:46:20 IST" skipped="0">
  <testcase classname="TestCases.Login_Test" name="ParameterizedTest" time="12.238"/>
  <system-out/>
  <testcase classname="TestCases.Login_Test" name="LoginSuccessTest" time="14.722"/>
  <system-out/>
  <testcase classname="TestCases.Login_Test" name="ExternalDataTest" time="12.172"/>
  <system-out/>
  <testcase classname="TestCases.Login_Test" name="LoginFailiureTest" time="12.138"/>
  <system-out/>
</testsuite> <!-- TestCases.Login_Test -->
